<?xml version="1.0" encoding="UTF-8"?>
<!-- Generated by org.testng.reporters.JUnitReportReporter -->
<testsuite skipped="0" hostname="192-168-1-4.tpgi.com.au" name="com.testingfoo.thanosair.test.FlightBooking" tests="5" failures="0" timestamp="26 Jul 2019 13:58:14 GMT" time="424.031" errors="0">
  <testcase name="launchTest" time="80.944" classname="com.testingfoo.thanosair.test.FlightBooking"/>
  <testcase name="launchTest" time="82.321" classname="com.testingfoo.thanosair.test.FlightBooking"/>
  <testcase name="launchTest" time="92.302" classname="com.testingfoo.thanosair.test.FlightBooking"/>
  <testcase name="launchTest" time="81.611" classname="com.testingfoo.thanosair.test.FlightBooking"/>
  <testcase name="launchTest" time="86.853" classname="com.testingfoo.thanosair.test.FlightBooking"/>
</testsuite> <!-- com.testingfoo.thanosair.test.FlightBooking -->
