<?xml version="1.0" encoding="UTF-8"?>
<!-- Generated by org.testng.reporters.JUnitReportReporter -->
<testsuite skipped="0" hostname="192-168-1-4.tpgi.com.au" name="com.testingfoo.thanosair.test.FlightBooking" tests="5" failures="0" timestamp="26 Jul 2019 03:07:49 GMT" time="360.680" errors="0">
  <testcase name="launchTest" time="70.731" classname="com.testingfoo.thanosair.test.FlightBooking"/>
  <testcase name="launchTest" time="76.062" classname="com.testingfoo.thanosair.test.FlightBooking"/>
  <testcase name="launchTest" time="71.808" classname="com.testingfoo.thanosair.test.FlightBooking"/>
  <testcase name="launchTest" time="71.678" classname="com.testingfoo.thanosair.test.FlightBooking"/>
  <testcase name="launchTest" time="70.401" classname="com.testingfoo.thanosair.test.FlightBooking"/>
</testsuite> <!-- com.testingfoo.thanosair.test.FlightBooking -->
